<?xml version="1.0" encoding="UTF-8"?>
<testsuite xmlns:xsi="http://www.w3.org/2001/XMLSchema-instance" xsi:noNamespaceSchemaLocation="https://maven.apache.org/surefire/maven-surefire-plugin/xsd/surefire-test-report-3.0.xsd" version="3.0" name="com.example.AppTest" time="0.019" tests="1" errors="0" skipped="0" failures="0">
  <properties>
    <property name="java.specification.version" value="22"/>
    <property name="sun.jnu.encoding" value="UTF-8"/>
    <property name="java.class.path" value="/home/willssedgar/Developer/Java/BusinessStorage/target/test-classes:/home/willssedgar/Developer/Java/BusinessStorage/target/classes:/home/willssedgar/.m2/repository/junit/junit/3.8.1/junit-3.8.1.jar:/home/willssedgar/.m2/repository/org/openjfx/javafx-controls/22.0.1/javafx-controls-22.0.1.jar:/home/willssedgar/.m2/repository/org/openjfx/javafx-controls/22.0.1/javafx-controls-22.0.1-linux.jar:/home/willssedgar/.m2/repository/org/openjfx/javafx-graphics/22.0.1/javafx-graphics-22.0.1.jar:/home/willssedgar/.m2/repository/org/openjfx/javafx-graphics/22.0.1/javafx-graphics-22.0.1-linux.jar:/home/willssedgar/.m2/repository/org/openjfx/javafx-base/22.0.1/javafx-base-22.0.1.jar:/home/willssedgar/.m2/repository/org/openjfx/javafx-base/22.0.1/javafx-base-22.0.1-linux.jar:/home/willssedgar/.m2/repository/org/openjfx/javafx-fxml/22.0.1/javafx-fxml-22.0.1.jar:/home/willssedgar/.m2/repository/org/openjfx/javafx-fxml/22.0.1/javafx-fxml-22.0.1-linux.jar:/home/willssedgar/.m2/repository/org/kordamp/bootstrapfx/bootstrapfx-core/0.4.0/bootstrapfx-core-0.4.0.jar:/home/willssedgar/.m2/repository/io/github/jan-tennert/supabase/postgrest-kt/2.5.2/postgrest-kt-2.5.2.jar:/home/willssedgar/.m2/repository/org/jetbrains/kotlin/kotlin-reflect/2.0.0/kotlin-reflect-2.0.0.jar:/home/willssedgar/.m2/repository/org/jetbrains/kotlin/kotlin-stdlib/2.0.0/kotlin-stdlib-2.0.0.jar:/home/willssedgar/.m2/repository/org/jetbrains/annotations/13.0/annotations-13.0.jar:/home/willssedgar/.m2/repository/io/github/jan-tennert/supabase/gotrue-kt/2.5.2/gotrue-kt-2.5.2.jar:/home/willssedgar/.m2/repository/io/github/jan-tennert/supabase/supabase-kt/2.5.2/supabase-kt-2.5.2.jar:/home/willssedgar/.m2/repository/org/jetbrains/kotlinx/kotlinx-datetime/0.6.0/kotlinx-datetime-0.6.0.jar:/home/willssedgar/.m2/repository/org/jetbrains/kotlinx/kotlinx-serialization-core/1.6.2/kotlinx-serialization-core-1.6.2.jar:/home/willssedgar/.m2/repository/org/jetbrains/kotlinx/kotlinx-serialization-core-jvm/1.6.2/kotlinx-serialization-core-jvm-1.6.2.jar:/home/willssedgar/.m2/repository/org/jetbrains/kotlinx/kotlinx-coroutines-core/1.8.1/kotlinx-coroutines-core-1.8.1.jar:/home/willssedgar/.m2/repository/org/jetbrains/kotlinx/kotlinx-coroutines-core-jvm/1.8.1/kotlinx-coroutines-core-jvm-1.8.1.jar:/home/willssedgar/.m2/repository/co/touchlab/kermit/2.0.4/kermit-2.0.4.jar:/home/willssedgar/.m2/repository/co/touchlab/kermit-core/2.0.4/kermit-core-2.0.4.jar:/home/willssedgar/.m2/repository/io/ktor/ktor-client-core/2.3.12/ktor-client-core-2.3.12.jar:/home/willssedgar/.m2/repository/io/ktor/ktor-websocket-serialization/2.3.12/ktor-websocket-serialization-2.3.12.jar:/home/willssedgar/.m2/repository/io/ktor/ktor-client-content-negotiation/2.3.12/ktor-client-content-negotiation-2.3.12.jar:/home/willssedgar/.m2/repository/io/ktor/ktor-serialization-kotlinx-json/2.3.12/ktor-serialization-kotlinx-json-2.3.12.jar:/home/willssedgar/.m2/repository/io/ktor/ktor-serialization-kotlinx/2.3.12/ktor-serialization-kotlinx-2.3.12.jar:/home/willssedgar/.m2/repository/org/jetbrains/kotlinx/kotlinx-serialization-json/1.5.1/kotlinx-serialization-json-1.5.1.jar:/home/willssedgar/.m2/repository/org/jetbrains/kotlinx/kotlinx-serialization-json-jvm/1.5.1/kotlinx-serialization-json-jvm-1.5.1.jar:/home/willssedgar/.m2/repository/org/jetbrains/kotlinx/atomicfu/0.25.0/atomicfu-0.25.0.jar:/home/willssedgar/.m2/repository/org/jetbrains/kotlinx/atomicfu-jvm/0.25.0/atomicfu-jvm-0.25.0.jar:/home/willssedgar/.m2/repository/com/soywiz/korlibs/krypto/krypto/4.0.10/krypto-4.0.10.jar:/home/willssedgar/.m2/repository/org/jetbrains/kotlin/kotlin-stdlib-common/1.9.0/kotlin-stdlib-common-1.9.0.jar:/home/willssedgar/.m2/repository/io/ktor/ktor-server-core/2.3.12/ktor-server-core-2.3.12.jar:/home/willssedgar/.m2/repository/io/ktor/ktor-utils/2.3.12/ktor-utils-2.3.12.jar:/home/willssedgar/.m2/repository/io/ktor/ktor-io/2.3.12/ktor-io-2.3.12.jar:/home/willssedgar/.m2/repository/io/ktor/ktor-http/2.3.12/ktor-http-2.3.12.jar:/home/willssedgar/.m2/repository/io/ktor/ktor-serialization/2.3.12/ktor-serialization-2.3.12.jar:/home/willssedgar/.m2/repository/io/ktor/ktor-events/2.3.12/ktor-events-2.3.12.jar:/home/willssedgar/.m2/repository/io/ktor/ktor-server-cio/2.3.12/ktor-server-cio-2.3.12.jar:/home/willssedgar/.m2/repository/io/ktor/ktor-server-host-common/2.3.12/ktor-server-host-common-2.3.12.jar:/home/willssedgar/.m2/repository/io/ktor/ktor-http-cio/2.3.12/ktor-http-cio-2.3.12.jar:/home/willssedgar/.m2/repository/io/ktor/ktor-websockets/2.3.12/ktor-websockets-2.3.12.jar:/home/willssedgar/.m2/repository/io/ktor/ktor-network/2.3.12/ktor-network-2.3.12.jar:/home/willssedgar/.m2/repository/com/russhwolf/multiplatform-settings-no-arg/1.1.1/multiplatform-settings-no-arg-1.1.1.jar:/home/willssedgar/.m2/repository/com/russhwolf/multiplatform-settings/1.1.1/multiplatform-settings-1.1.1.jar:/home/willssedgar/.m2/repository/com/russhwolf/multiplatform-settings-coroutines/1.1.1/multiplatform-settings-coroutines-1.1.1.jar:/home/willssedgar/.m2/repository/io/github/jan-tennert/supabase/realtime-kt/2.5.2/realtime-kt-2.5.2.jar:/home/willssedgar/.m2/repository/io/ktor/ktor-client-websockets/2.3.12/ktor-client-websockets-2.3.12.jar:/home/willssedgar/.m2/repository/org/postgresql/postgresql/42.7.3/postgresql-42.7.3.jar:/home/willssedgar/.m2/repository/org/checkerframework/checker-qual/3.42.0/checker-qual-3.42.0.jar:"/>
    <property name="java.vm.vendor" value="Arch Linux"/>
    <property name="sun.arch.data.model" value="64"/>
    <property name="java.vendor.url" value="https://openjdk.org/"/>
    <property name="os.name" value="Linux"/>
    <property name="java.vm.specification.version" value="22"/>
    <property name="sun.java.launcher" value="SUN_STANDARD"/>
    <property name="user.country" value="US"/>
    <property name="sun.boot.library.path" value="/usr/lib/jvm/java-22-openjdk/lib"/>
    <property name="sun.java.command" value="/home/willssedgar/Developer/Java/BusinessStorage/target/surefire/surefirebooter-20240719122837713_3.jar /home/willssedgar/Developer/Java/BusinessStorage/target/surefire 2024-07-19T12-28-37_666-jvmRun1 surefire-20240719122837713_1tmp surefire_0-20240719122837713_2tmp"/>
    <property name="jdk.debug" value="release"/>
    <property name="surefire.test.class.path" value="/home/willssedgar/Developer/Java/BusinessStorage/target/test-classes:/home/willssedgar/Developer/Java/BusinessStorage/target/classes:/home/willssedgar/.m2/repository/junit/junit/3.8.1/junit-3.8.1.jar:/home/willssedgar/.m2/repository/org/openjfx/javafx-controls/22.0.1/javafx-controls-22.0.1.jar:/home/willssedgar/.m2/repository/org/openjfx/javafx-controls/22.0.1/javafx-controls-22.0.1-linux.jar:/home/willssedgar/.m2/repository/org/openjfx/javafx-graphics/22.0.1/javafx-graphics-22.0.1.jar:/home/willssedgar/.m2/repository/org/openjfx/javafx-graphics/22.0.1/javafx-graphics-22.0.1-linux.jar:/home/willssedgar/.m2/repository/org/openjfx/javafx-base/22.0.1/javafx-base-22.0.1.jar:/home/willssedgar/.m2/repository/org/openjfx/javafx-base/22.0.1/javafx-base-22.0.1-linux.jar:/home/willssedgar/.m2/repository/org/openjfx/javafx-fxml/22.0.1/javafx-fxml-22.0.1.jar:/home/willssedgar/.m2/repository/org/openjfx/javafx-fxml/22.0.1/javafx-fxml-22.0.1-linux.jar:/home/willssedgar/.m2/repository/org/kordamp/bootstrapfx/bootstrapfx-core/0.4.0/bootstrapfx-core-0.4.0.jar:/home/willssedgar/.m2/repository/io/github/jan-tennert/supabase/postgrest-kt/2.5.2/postgrest-kt-2.5.2.jar:/home/willssedgar/.m2/repository/org/jetbrains/kotlin/kotlin-reflect/2.0.0/kotlin-reflect-2.0.0.jar:/home/willssedgar/.m2/repository/org/jetbrains/kotlin/kotlin-stdlib/2.0.0/kotlin-stdlib-2.0.0.jar:/home/willssedgar/.m2/repository/org/jetbrains/annotations/13.0/annotations-13.0.jar:/home/willssedgar/.m2/repository/io/github/jan-tennert/supabase/gotrue-kt/2.5.2/gotrue-kt-2.5.2.jar:/home/willssedgar/.m2/repository/io/github/jan-tennert/supabase/supabase-kt/2.5.2/supabase-kt-2.5.2.jar:/home/willssedgar/.m2/repository/org/jetbrains/kotlinx/kotlinx-datetime/0.6.0/kotlinx-datetime-0.6.0.jar:/home/willssedgar/.m2/repository/org/jetbrains/kotlinx/kotlinx-serialization-core/1.6.2/kotlinx-serialization-core-1.6.2.jar:/home/willssedgar/.m2/repository/org/jetbrains/kotlinx/kotlinx-serialization-core-jvm/1.6.2/kotlinx-serialization-core-jvm-1.6.2.jar:/home/willssedgar/.m2/repository/org/jetbrains/kotlinx/kotlinx-coroutines-core/1.8.1/kotlinx-coroutines-core-1.8.1.jar:/home/willssedgar/.m2/repository/org/jetbrains/kotlinx/kotlinx-coroutines-core-jvm/1.8.1/kotlinx-coroutines-core-jvm-1.8.1.jar:/home/willssedgar/.m2/repository/co/touchlab/kermit/2.0.4/kermit-2.0.4.jar:/home/willssedgar/.m2/repository/co/touchlab/kermit-core/2.0.4/kermit-core-2.0.4.jar:/home/willssedgar/.m2/repository/io/ktor/ktor-client-core/2.3.12/ktor-client-core-2.3.12.jar:/home/willssedgar/.m2/repository/io/ktor/ktor-websocket-serialization/2.3.12/ktor-websocket-serialization-2.3.12.jar:/home/willssedgar/.m2/repository/io/ktor/ktor-client-content-negotiation/2.3.12/ktor-client-content-negotiation-2.3.12.jar:/home/willssedgar/.m2/repository/io/ktor/ktor-serialization-kotlinx-json/2.3.12/ktor-serialization-kotlinx-json-2.3.12.jar:/home/willssedgar/.m2/repository/io/ktor/ktor-serialization-kotlinx/2.3.12/ktor-serialization-kotlinx-2.3.12.jar:/home/willssedgar/.m2/repository/org/jetbrains/kotlinx/kotlinx-serialization-json/1.5.1/kotlinx-serialization-json-1.5.1.jar:/home/willssedgar/.m2/repository/org/jetbrains/kotlinx/kotlinx-serialization-json-jvm/1.5.1/kotlinx-serialization-json-jvm-1.5.1.jar:/home/willssedgar/.m2/repository/org/jetbrains/kotlinx/atomicfu/0.25.0/atomicfu-0.25.0.jar:/home/willssedgar/.m2/repository/org/jetbrains/kotlinx/atomicfu-jvm/0.25.0/atomicfu-jvm-0.25.0.jar:/home/willssedgar/.m2/repository/com/soywiz/korlibs/krypto/krypto/4.0.10/krypto-4.0.10.jar:/home/willssedgar/.m2/repository/org/jetbrains/kotlin/kotlin-stdlib-common/1.9.0/kotlin-stdlib-common-1.9.0.jar:/home/willssedgar/.m2/repository/io/ktor/ktor-server-core/2.3.12/ktor-server-core-2.3.12.jar:/home/willssedgar/.m2/repository/io/ktor/ktor-utils/2.3.12/ktor-utils-2.3.12.jar:/home/willssedgar/.m2/repository/io/ktor/ktor-io/2.3.12/ktor-io-2.3.12.jar:/home/willssedgar/.m2/repository/io/ktor/ktor-http/2.3.12/ktor-http-2.3.12.jar:/home/willssedgar/.m2/repository/io/ktor/ktor-serialization/2.3.12/ktor-serialization-2.3.12.jar:/home/willssedgar/.m2/repository/io/ktor/ktor-events/2.3.12/ktor-events-2.3.12.jar:/home/willssedgar/.m2/repository/io/ktor/ktor-server-cio/2.3.12/ktor-server-cio-2.3.12.jar:/home/willssedgar/.m2/repository/io/ktor/ktor-server-host-common/2.3.12/ktor-server-host-common-2.3.12.jar:/home/willssedgar/.m2/repository/io/ktor/ktor-http-cio/2.3.12/ktor-http-cio-2.3.12.jar:/home/willssedgar/.m2/repository/io/ktor/ktor-websockets/2.3.12/ktor-websockets-2.3.12.jar:/home/willssedgar/.m2/repository/io/ktor/ktor-network/2.3.12/ktor-network-2.3.12.jar:/home/willssedgar/.m2/repository/com/russhwolf/multiplatform-settings-no-arg/1.1.1/multiplatform-settings-no-arg-1.1.1.jar:/home/willssedgar/.m2/repository/com/russhwolf/multiplatform-settings/1.1.1/multiplatform-settings-1.1.1.jar:/home/willssedgar/.m2/repository/com/russhwolf/multiplatform-settings-coroutines/1.1.1/multiplatform-settings-coroutines-1.1.1.jar:/home/willssedgar/.m2/repository/io/github/jan-tennert/supabase/realtime-kt/2.5.2/realtime-kt-2.5.2.jar:/home/willssedgar/.m2/repository/io/ktor/ktor-client-websockets/2.3.12/ktor-client-websockets-2.3.12.jar:/home/willssedgar/.m2/repository/org/postgresql/postgresql/42.7.3/postgresql-42.7.3.jar:/home/willssedgar/.m2/repository/org/checkerframework/checker-qual/3.42.0/checker-qual-3.42.0.jar:"/>
    <property name="sun.cpu.endian" value="little"/>
    <property name="user.home" value="/home/willssedgar"/>
    <property name="user.language" value="en"/>
    <property name="java.specification.vendor" value="Oracle Corporation"/>
    <property name="java.version.date" value="2024-04-16"/>
    <property name="java.home" value="/usr/lib/jvm/java-22-openjdk"/>
    <property name="file.separator" value="/"/>
    <property name="basedir" value="/home/willssedgar/Developer/Java/BusinessStorage"/>
    <property name="java.vm.compressedOopsMode" value="Zero based"/>
    <property name="line.separator" value="&#10;"/>
    <property name="java.specification.name" value="Java Platform API Specification"/>
    <property name="java.vm.specification.vendor" value="Oracle Corporation"/>
    <property name="surefire.real.class.path" value="/home/willssedgar/Developer/Java/BusinessStorage/target/surefire/surefirebooter-20240719122837713_3.jar"/>
    <property name="sun.management.compiler" value="HotSpot 64-Bit Tiered Compilers"/>
    <property name="java.runtime.version" value="22.0.1+8"/>
    <property name="user.name" value="willssedgar"/>
    <property name="stdout.encoding" value="UTF-8"/>
    <property name="path.separator" value=":"/>
    <property name="os.version" value="6.9.9-arch1-1"/>
    <property name="java.runtime.name" value="OpenJDK Runtime Environment"/>
    <property name="file.encoding" value="UTF-8"/>
    <property name="java.vm.name" value="OpenJDK 64-Bit Server VM"/>
    <property name="localRepository" value="/home/willssedgar/.m2/repository"/>
    <property name="java.vendor.url.bug" value="https://bugreport.java.com/bugreport/"/>
    <property name="java.io.tmpdir" value="/tmp"/>
    <property name="java.version" value="22.0.1"/>
    <property name="user.dir" value="/home/willssedgar/Developer/Java/BusinessStorage"/>
    <property name="os.arch" value="amd64"/>
    <property name="java.vm.specification.name" value="Java Virtual Machine Specification"/>
    <property name="native.encoding" value="UTF-8"/>
    <property name="java.library.path" value="/usr/java/packages/lib:/usr/lib64:/lib64:/lib:/usr/lib"/>
    <property name="java.vm.info" value="mixed mode, sharing"/>
    <property name="stderr.encoding" value="UTF-8"/>
    <property name="java.vendor" value="Arch Linux"/>
    <property name="java.vm.version" value="22.0.1+8"/>
    <property name="sun.io.unicode.encoding" value="UnicodeLittle"/>
    <property name="java.class.version" value="66.0"/>
  </properties>
  <testcase name="testApp" classname="com.example.AppTest" time="0.003"/>
</testsuite>